Copyright 1986-2019 Xilinx, Inc. All Rights Reserved.
------------------------------------------------------------------------------------
| Tool Version : Vivado v.2019.2 (win64) Build 2708876 Wed Nov  6 21:40:23 MST 2019
| Date         : Tue Dec 12 16:41:28 2023
| Host         : DESKTOP-CPLDPO1 running 64-bit major release  (build 9200)
| Command      : upgrade_ip
| Device       : xc7a35tcpg236-1
------------------------------------------------------------------------------------

Upgrade Log for IP 'mblaze_Autonomous_Car_SoC_myip_Car_PWM_0_0'

1. Summary
----------

SUCCESS in the upgrade of mblaze_Autonomous_Car_SoC_myip_Car_PWM_0_0 (xilinx.com:user:myip_Car_PWM:1.0) from (Rev. 7) to (Rev. 8)






Copyright 1986-2019 Xilinx, Inc. All Rights Reserved.
------------------------------------------------------------------------------------
| Tool Version : Vivado v.2019.2 (win64) Build 2708876 Wed Nov  6 21:40:23 MST 2019
| Date         : Tue Dec 12 16:13:12 2023
| Host         : DESKTOP-CPLDPO1 running 64-bit major release  (build 9200)
| Command      : upgrade_ip
| Device       : xc7a35tcpg236-1
------------------------------------------------------------------------------------

Upgrade Log for IP 'mblaze_Autonomous_Car_SoC_myip_Car_PWM_0_0'

1. Summary
----------

SUCCESS in the upgrade of mblaze_Autonomous_Car_SoC_myip_Car_PWM_0_0 (xilinx.com:user:myip_Car_PWM:1.0) from (Rev. 6) to (Rev. 7)

